Determining if the pthread_create exist failed with the following output:
Change Dir: /home/cezar/bebop_ws/build/topic_tools/CMakeFiles/CMakeTmp

Run Build Command:"/usr/bin/make" "cmTC_38a47/fast"
/usr/bin/make -f CMakeFiles/cmTC_38a47.dir/build.make CMakeFiles/cmTC_38a47.dir/build
make[1]: se entra en el directorio '/home/cezar/bebop_ws/build/topic_tools/CMakeFiles/CMakeTmp'
Building C object CMakeFiles/cmTC_38a47.dir/CheckSymbolExists.c.o
/usr/bin/cc     -o CMakeFiles/cmTC_38a47.dir/CheckSymbolExists.c.o   -c /home/cezar/bebop_ws/build/topic_tools/CMakeFiles/CMakeTmp/CheckSymbolExists.c
Linking C executable cmTC_38a47
/usr/bin/cmake -E cmake_link_script CMakeFiles/cmTC_38a47.dir/link.txt --verbose=1
/usr/bin/cc       CMakeFiles/cmTC_38a47.dir/CheckSymbolExists.c.o  -o cmTC_38a47 -rdynamic 
CMakeFiles/cmTC_38a47.dir/CheckSymbolExists.c.o: En la función `main':
CheckSymbolExists.c:(.text+0x16): referencia a `pthread_create' sin definir
collect2: error: ld returned 1 exit status
CMakeFiles/cmTC_38a47.dir/build.make:97: fallo en las instrucciones para el objetivo 'cmTC_38a47'
make[1]: *** [cmTC_38a47] Error 1
make[1]: se sale del directorio '/home/cezar/bebop_ws/build/topic_tools/CMakeFiles/CMakeTmp'
Makefile:126: fallo en las instrucciones para el objetivo 'cmTC_38a47/fast'
make: *** [cmTC_38a47/fast] Error 2

File /home/cezar/bebop_ws/build/topic_tools/CMakeFiles/CMakeTmp/CheckSymbolExists.c:
/* */
#include <pthread.h>

int main(int argc, char** argv)
{
  (void)argv;
#ifndef pthread_create
  return ((int*)(&pthread_create))[argc];
#else
  (void)argc;
  return 0;
#endif
}

Determining if the function pthread_create exists in the pthreads failed with the following output:
Change Dir: /home/cezar/bebop_ws/build/topic_tools/CMakeFiles/CMakeTmp

Run Build Command:"/usr/bin/make" "cmTC_d07b4/fast"
/usr/bin/make -f CMakeFiles/cmTC_d07b4.dir/build.make CMakeFiles/cmTC_d07b4.dir/build
make[1]: se entra en el directorio '/home/cezar/bebop_ws/build/topic_tools/CMakeFiles/CMakeTmp'
Building C object CMakeFiles/cmTC_d07b4.dir/CheckFunctionExists.c.o
/usr/bin/cc    -DCHECK_FUNCTION_EXISTS=pthread_create   -o CMakeFiles/cmTC_d07b4.dir/CheckFunctionExists.c.o   -c /usr/share/cmake-3.5/Modules/CheckFunctionExists.c
Linking C executable cmTC_d07b4
/usr/bin/cmake -E cmake_link_script CMakeFiles/cmTC_d07b4.dir/link.txt --verbose=1
/usr/bin/cc   -DCHECK_FUNCTION_EXISTS=pthread_create    CMakeFiles/cmTC_d07b4.dir/CheckFunctionExists.c.o  -o cmTC_d07b4 -rdynamic -lpthreads 
/usr/bin/ld: no se puede encontrar -lpthreads
collect2: error: ld returned 1 exit status
CMakeFiles/cmTC_d07b4.dir/build.make:97: fallo en las instrucciones para el objetivo 'cmTC_d07b4'
make[1]: *** [cmTC_d07b4] Error 1
make[1]: se sale del directorio '/home/cezar/bebop_ws/build/topic_tools/CMakeFiles/CMakeTmp'
Makefile:126: fallo en las instrucciones para el objetivo 'cmTC_d07b4/fast'
make: *** [cmTC_d07b4/fast] Error 2


