Determining if the pthread_create exist failed with the following output:
Change Dir: /home/cezar/bebop_ws/build/bebop_tools/CMakeFiles/CMakeTmp

Run Build Command:"/usr/bin/make" "cmTC_8ce8b/fast"
/usr/bin/make -f CMakeFiles/cmTC_8ce8b.dir/build.make CMakeFiles/cmTC_8ce8b.dir/build
make[1]: se entra en el directorio '/home/cezar/bebop_ws/build/bebop_tools/CMakeFiles/CMakeTmp'
Building C object CMakeFiles/cmTC_8ce8b.dir/CheckSymbolExists.c.o
/usr/bin/cc     -o CMakeFiles/cmTC_8ce8b.dir/CheckSymbolExists.c.o   -c /home/cezar/bebop_ws/build/bebop_tools/CMakeFiles/CMakeTmp/CheckSymbolExists.c
Linking C executable cmTC_8ce8b
/usr/bin/cmake -E cmake_link_script CMakeFiles/cmTC_8ce8b.dir/link.txt --verbose=1
/usr/bin/cc       CMakeFiles/cmTC_8ce8b.dir/CheckSymbolExists.c.o  -o cmTC_8ce8b -rdynamic 
CMakeFiles/cmTC_8ce8b.dir/CheckSymbolExists.c.o: En la función `main':
CheckSymbolExists.c:(.text+0x16): referencia a `pthread_create' sin definir
collect2: error: ld returned 1 exit status
CMakeFiles/cmTC_8ce8b.dir/build.make:97: fallo en las instrucciones para el objetivo 'cmTC_8ce8b'
make[1]: *** [cmTC_8ce8b] Error 1
make[1]: se sale del directorio '/home/cezar/bebop_ws/build/bebop_tools/CMakeFiles/CMakeTmp'
Makefile:126: fallo en las instrucciones para el objetivo 'cmTC_8ce8b/fast'
make: *** [cmTC_8ce8b/fast] Error 2

File /home/cezar/bebop_ws/build/bebop_tools/CMakeFiles/CMakeTmp/CheckSymbolExists.c:
/* */
#include <pthread.h>

int main(int argc, char** argv)
{
  (void)argv;
#ifndef pthread_create
  return ((int*)(&pthread_create))[argc];
#else
  (void)argc;
  return 0;
#endif
}

Determining if the function pthread_create exists in the pthreads failed with the following output:
Change Dir: /home/cezar/bebop_ws/build/bebop_tools/CMakeFiles/CMakeTmp

Run Build Command:"/usr/bin/make" "cmTC_bf179/fast"
/usr/bin/make -f CMakeFiles/cmTC_bf179.dir/build.make CMakeFiles/cmTC_bf179.dir/build
make[1]: se entra en el directorio '/home/cezar/bebop_ws/build/bebop_tools/CMakeFiles/CMakeTmp'
Building C object CMakeFiles/cmTC_bf179.dir/CheckFunctionExists.c.o
/usr/bin/cc    -DCHECK_FUNCTION_EXISTS=pthread_create   -o CMakeFiles/cmTC_bf179.dir/CheckFunctionExists.c.o   -c /usr/share/cmake-3.5/Modules/CheckFunctionExists.c
Linking C executable cmTC_bf179
/usr/bin/cmake -E cmake_link_script CMakeFiles/cmTC_bf179.dir/link.txt --verbose=1
/usr/bin/cc   -DCHECK_FUNCTION_EXISTS=pthread_create    CMakeFiles/cmTC_bf179.dir/CheckFunctionExists.c.o  -o cmTC_bf179 -rdynamic -lpthreads 
/usr/bin/ld: no se puede encontrar -lpthreads
collect2: error: ld returned 1 exit status
CMakeFiles/cmTC_bf179.dir/build.make:97: fallo en las instrucciones para el objetivo 'cmTC_bf179'
make[1]: *** [cmTC_bf179] Error 1
make[1]: se sale del directorio '/home/cezar/bebop_ws/build/bebop_tools/CMakeFiles/CMakeTmp'
Makefile:126: fallo en las instrucciones para el objetivo 'cmTC_bf179/fast'
make: *** [cmTC_bf179/fast] Error 2


