Determining if the pthread_create exist failed with the following output:
Change Dir: /home/cezar/bebop_ws/build/bebop_driver/CMakeFiles/CMakeTmp

Run Build Command:"/usr/bin/make" "cmTC_62813/fast"
/usr/bin/make -f CMakeFiles/cmTC_62813.dir/build.make CMakeFiles/cmTC_62813.dir/build
make[1]: se entra en el directorio '/home/cezar/bebop_ws/build/bebop_driver/CMakeFiles/CMakeTmp'
Building C object CMakeFiles/cmTC_62813.dir/CheckSymbolExists.c.o
/usr/bin/cc     -o CMakeFiles/cmTC_62813.dir/CheckSymbolExists.c.o   -c /home/cezar/bebop_ws/build/bebop_driver/CMakeFiles/CMakeTmp/CheckSymbolExists.c
Linking C executable cmTC_62813
/usr/bin/cmake -E cmake_link_script CMakeFiles/cmTC_62813.dir/link.txt --verbose=1
/usr/bin/cc       CMakeFiles/cmTC_62813.dir/CheckSymbolExists.c.o  -o cmTC_62813 -rdynamic 
CMakeFiles/cmTC_62813.dir/CheckSymbolExists.c.o: En la función `main':
CheckSymbolExists.c:(.text+0x16): referencia a `pthread_create' sin definir
collect2: error: ld returned 1 exit status
CMakeFiles/cmTC_62813.dir/build.make:97: fallo en las instrucciones para el objetivo 'cmTC_62813'
make[1]: *** [cmTC_62813] Error 1
make[1]: se sale del directorio '/home/cezar/bebop_ws/build/bebop_driver/CMakeFiles/CMakeTmp'
Makefile:126: fallo en las instrucciones para el objetivo 'cmTC_62813/fast'
make: *** [cmTC_62813/fast] Error 2

File /home/cezar/bebop_ws/build/bebop_driver/CMakeFiles/CMakeTmp/CheckSymbolExists.c:
/* */
#include <pthread.h>

int main(int argc, char** argv)
{
  (void)argv;
#ifndef pthread_create
  return ((int*)(&pthread_create))[argc];
#else
  (void)argc;
  return 0;
#endif
}

Determining if the function pthread_create exists in the pthreads failed with the following output:
Change Dir: /home/cezar/bebop_ws/build/bebop_driver/CMakeFiles/CMakeTmp

Run Build Command:"/usr/bin/make" "cmTC_307f2/fast"
/usr/bin/make -f CMakeFiles/cmTC_307f2.dir/build.make CMakeFiles/cmTC_307f2.dir/build
make[1]: se entra en el directorio '/home/cezar/bebop_ws/build/bebop_driver/CMakeFiles/CMakeTmp'
Building C object CMakeFiles/cmTC_307f2.dir/CheckFunctionExists.c.o
/usr/bin/cc    -DCHECK_FUNCTION_EXISTS=pthread_create   -o CMakeFiles/cmTC_307f2.dir/CheckFunctionExists.c.o   -c /usr/share/cmake-3.5/Modules/CheckFunctionExists.c
Linking C executable cmTC_307f2
/usr/bin/cmake -E cmake_link_script CMakeFiles/cmTC_307f2.dir/link.txt --verbose=1
/usr/bin/cc   -DCHECK_FUNCTION_EXISTS=pthread_create    CMakeFiles/cmTC_307f2.dir/CheckFunctionExists.c.o  -o cmTC_307f2 -rdynamic -lpthreads 
/usr/bin/ld: no se puede encontrar -lpthreads
collect2: error: ld returned 1 exit status
CMakeFiles/cmTC_307f2.dir/build.make:97: fallo en las instrucciones para el objetivo 'cmTC_307f2'
make[1]: *** [cmTC_307f2] Error 1
make[1]: se sale del directorio '/home/cezar/bebop_ws/build/bebop_driver/CMakeFiles/CMakeTmp'
Makefile:126: fallo en las instrucciones para el objetivo 'cmTC_307f2/fast'
make: *** [cmTC_307f2/fast] Error 2


