[  0%] Built target _topic_tools_generate_messages_check_deps_MuxList
[  0%] Built target _topic_tools_generate_messages_check_deps_DemuxDelete
[  0%] Built target _topic_tools_generate_messages_check_deps_MuxDelete
[  0%] Built target _topic_tools_generate_messages_check_deps_DemuxSelect
[  0%] Built target _topic_tools_generate_messages_check_deps_DemuxList
[  0%] Built target _topic_tools_generate_messages_check_deps_MuxAdd
[  0%] Built target std_msgs_generate_messages_eus
[  0%] Built target std_msgs_generate_messages_nodejs
[  0%] Built target std_msgs_generate_messages_py
[  0%] Built target std_msgs_generate_messages_lisp
[  0%] Built target _topic_tools_generate_messages_check_deps_MuxSelect
[  0%] Built target std_msgs_generate_messages_cpp
[  0%] Built target _topic_tools_generate_messages_check_deps_DemuxAdd
[ 15%] Built target topic_tools_generate_messages_eus
[ 29%] Built target topic_tools_generate_messages_nodejs
[ 45%] Built target topic_tools_generate_messages_py
[ 59%] Built target topic_tools_generate_messages_lisp
[ 73%] Built target topic_tools_generate_messages_cpp
[ 78%] Built target topic_tools
[ 78%] Built target topic_tools_generate_messages
[ 82%] Built target relay
[ 85%] Built target drop
[ 89%] Built target mux
[ 92%] Built target demux
[ 96%] Built target throttle
[100%] Built target switch_mux
