Linked: (/home/cezar/bebop_ws/devel/.private/topic_tools/share/topic_tools/cmake/topic_tools-msg-extras.cmake, /home/cezar/bebop_ws/devel/share/topic_tools/cmake/topic_tools-msg-extras.cmake)
Linked: (/home/cezar/bebop_ws/devel/.private/topic_tools/share/topic_tools/cmake/topic_tools-msg-paths.cmake, /home/cezar/bebop_ws/devel/share/topic_tools/cmake/topic_tools-msg-paths.cmake)
Linked: (/home/cezar/bebop_ws/devel/.private/topic_tools/share/topic_tools/cmake/topic_toolsConfig.cmake, /home/cezar/bebop_ws/devel/share/topic_tools/cmake/topic_toolsConfig.cmake)
Linked: (/home/cezar/bebop_ws/devel/.private/topic_tools/share/topic_tools/cmake/topic_toolsConfig-version.cmake, /home/cezar/bebop_ws/devel/share/topic_tools/cmake/topic_toolsConfig-version.cmake)
Linked: (/home/cezar/bebop_ws/devel/.private/topic_tools/share/roseus/ros/topic_tools/manifest.l, /home/cezar/bebop_ws/devel/share/roseus/ros/topic_tools/manifest.l)
Linked: (/home/cezar/bebop_ws/devel/.private/topic_tools/share/roseus/ros/topic_tools/srv/MuxDelete.l, /home/cezar/bebop_ws/devel/share/roseus/ros/topic_tools/srv/MuxDelete.l)
Linked: (/home/cezar/bebop_ws/devel/.private/topic_tools/share/roseus/ros/topic_tools/srv/MuxAdd.l, /home/cezar/bebop_ws/devel/share/roseus/ros/topic_tools/srv/MuxAdd.l)
Linked: (/home/cezar/bebop_ws/devel/.private/topic_tools/share/roseus/ros/topic_tools/srv/DemuxSelect.l, /home/cezar/bebop_ws/devel/share/roseus/ros/topic_tools/srv/DemuxSelect.l)
Linked: (/home/cezar/bebop_ws/devel/.private/topic_tools/share/roseus/ros/topic_tools/srv/MuxSelect.l, /home/cezar/bebop_ws/devel/share/roseus/ros/topic_tools/srv/MuxSelect.l)
Linked: (/home/cezar/bebop_ws/devel/.private/topic_tools/share/roseus/ros/topic_tools/srv/DemuxList.l, /home/cezar/bebop_ws/devel/share/roseus/ros/topic_tools/srv/DemuxList.l)
Linked: (/home/cezar/bebop_ws/devel/.private/topic_tools/share/roseus/ros/topic_tools/srv/DemuxAdd.l, /home/cezar/bebop_ws/devel/share/roseus/ros/topic_tools/srv/DemuxAdd.l)
Linked: (/home/cezar/bebop_ws/devel/.private/topic_tools/share/roseus/ros/topic_tools/srv/DemuxDelete.l, /home/cezar/bebop_ws/devel/share/roseus/ros/topic_tools/srv/DemuxDelete.l)
Linked: (/home/cezar/bebop_ws/devel/.private/topic_tools/share/roseus/ros/topic_tools/srv/MuxList.l, /home/cezar/bebop_ws/devel/share/roseus/ros/topic_tools/srv/MuxList.l)
Linked: (/home/cezar/bebop_ws/devel/.private/topic_tools/share/gennodejs/ros/topic_tools/_index.js, /home/cezar/bebop_ws/devel/share/gennodejs/ros/topic_tools/_index.js)
Linked: (/home/cezar/bebop_ws/devel/.private/topic_tools/share/gennodejs/ros/topic_tools/srv/_index.js, /home/cezar/bebop_ws/devel/share/gennodejs/ros/topic_tools/srv/_index.js)
Linked: (/home/cezar/bebop_ws/devel/.private/topic_tools/share/gennodejs/ros/topic_tools/srv/MuxAdd.js, /home/cezar/bebop_ws/devel/share/gennodejs/ros/topic_tools/srv/MuxAdd.js)
Linked: (/home/cezar/bebop_ws/devel/.private/topic_tools/share/gennodejs/ros/topic_tools/srv/DemuxDelete.js, /home/cezar/bebop_ws/devel/share/gennodejs/ros/topic_tools/srv/DemuxDelete.js)
Linked: (/home/cezar/bebop_ws/devel/.private/topic_tools/share/gennodejs/ros/topic_tools/srv/MuxDelete.js, /home/cezar/bebop_ws/devel/share/gennodejs/ros/topic_tools/srv/MuxDelete.js)
Linked: (/home/cezar/bebop_ws/devel/.private/topic_tools/share/gennodejs/ros/topic_tools/srv/DemuxList.js, /home/cezar/bebop_ws/devel/share/gennodejs/ros/topic_tools/srv/DemuxList.js)
Linked: (/home/cezar/bebop_ws/devel/.private/topic_tools/share/gennodejs/ros/topic_tools/srv/MuxSelect.js, /home/cezar/bebop_ws/devel/share/gennodejs/ros/topic_tools/srv/MuxSelect.js)
Linked: (/home/cezar/bebop_ws/devel/.private/topic_tools/share/gennodejs/ros/topic_tools/srv/MuxList.js, /home/cezar/bebop_ws/devel/share/gennodejs/ros/topic_tools/srv/MuxList.js)
Linked: (/home/cezar/bebop_ws/devel/.private/topic_tools/share/gennodejs/ros/topic_tools/srv/DemuxAdd.js, /home/cezar/bebop_ws/devel/share/gennodejs/ros/topic_tools/srv/DemuxAdd.js)
Linked: (/home/cezar/bebop_ws/devel/.private/topic_tools/share/gennodejs/ros/topic_tools/srv/DemuxSelect.js, /home/cezar/bebop_ws/devel/share/gennodejs/ros/topic_tools/srv/DemuxSelect.js)
Linked: (/home/cezar/bebop_ws/devel/.private/topic_tools/share/common-lisp/ros/topic_tools/srv/_package_DemuxDelete.lisp, /home/cezar/bebop_ws/devel/share/common-lisp/ros/topic_tools/srv/_package_DemuxDelete.lisp)
Linked: (/home/cezar/bebop_ws/devel/.private/topic_tools/share/common-lisp/ros/topic_tools/srv/_package_MuxList.lisp, /home/cezar/bebop_ws/devel/share/common-lisp/ros/topic_tools/srv/_package_MuxList.lisp)
Linked: (/home/cezar/bebop_ws/devel/.private/topic_tools/share/common-lisp/ros/topic_tools/srv/DemuxDelete.lisp, /home/cezar/bebop_ws/devel/share/common-lisp/ros/topic_tools/srv/DemuxDelete.lisp)
Linked: (/home/cezar/bebop_ws/devel/.private/topic_tools/share/common-lisp/ros/topic_tools/srv/DemuxSelect.lisp, /home/cezar/bebop_ws/devel/share/common-lisp/ros/topic_tools/srv/DemuxSelect.lisp)
Linked: (/home/cezar/bebop_ws/devel/.private/topic_tools/share/common-lisp/ros/topic_tools/srv/_package_DemuxSelect.lisp, /home/cezar/bebop_ws/devel/share/common-lisp/ros/topic_tools/srv/_package_DemuxSelect.lisp)
Linked: (/home/cezar/bebop_ws/devel/.private/topic_tools/share/common-lisp/ros/topic_tools/srv/_package_MuxDelete.lisp, /home/cezar/bebop_ws/devel/share/common-lisp/ros/topic_tools/srv/_package_MuxDelete.lisp)
Linked: (/home/cezar/bebop_ws/devel/.private/topic_tools/share/common-lisp/ros/topic_tools/srv/_package_MuxSelect.lisp, /home/cezar/bebop_ws/devel/share/common-lisp/ros/topic_tools/srv/_package_MuxSelect.lisp)
Linked: (/home/cezar/bebop_ws/devel/.private/topic_tools/share/common-lisp/ros/topic_tools/srv/MuxAdd.lisp, /home/cezar/bebop_ws/devel/share/common-lisp/ros/topic_tools/srv/MuxAdd.lisp)
Linked: (/home/cezar/bebop_ws/devel/.private/topic_tools/share/common-lisp/ros/topic_tools/srv/_package_MuxAdd.lisp, /home/cezar/bebop_ws/devel/share/common-lisp/ros/topic_tools/srv/_package_MuxAdd.lisp)
Linked: (/home/cezar/bebop_ws/devel/.private/topic_tools/share/common-lisp/ros/topic_tools/srv/MuxSelect.lisp, /home/cezar/bebop_ws/devel/share/common-lisp/ros/topic_tools/srv/MuxSelect.lisp)
Linked: (/home/cezar/bebop_ws/devel/.private/topic_tools/share/common-lisp/ros/topic_tools/srv/DemuxAdd.lisp, /home/cezar/bebop_ws/devel/share/common-lisp/ros/topic_tools/srv/DemuxAdd.lisp)
Linked: (/home/cezar/bebop_ws/devel/.private/topic_tools/share/common-lisp/ros/topic_tools/srv/_package_DemuxAdd.lisp, /home/cezar/bebop_ws/devel/share/common-lisp/ros/topic_tools/srv/_package_DemuxAdd.lisp)
Linked: (/home/cezar/bebop_ws/devel/.private/topic_tools/share/common-lisp/ros/topic_tools/srv/topic_tools-srv.asd, /home/cezar/bebop_ws/devel/share/common-lisp/ros/topic_tools/srv/topic_tools-srv.asd)
Linked: (/home/cezar/bebop_ws/devel/.private/topic_tools/share/common-lisp/ros/topic_tools/srv/MuxDelete.lisp, /home/cezar/bebop_ws/devel/share/common-lisp/ros/topic_tools/srv/MuxDelete.lisp)
Linked: (/home/cezar/bebop_ws/devel/.private/topic_tools/share/common-lisp/ros/topic_tools/srv/_package_DemuxList.lisp, /home/cezar/bebop_ws/devel/share/common-lisp/ros/topic_tools/srv/_package_DemuxList.lisp)
Linked: (/home/cezar/bebop_ws/devel/.private/topic_tools/share/common-lisp/ros/topic_tools/srv/MuxList.lisp, /home/cezar/bebop_ws/devel/share/common-lisp/ros/topic_tools/srv/MuxList.lisp)
Linked: (/home/cezar/bebop_ws/devel/.private/topic_tools/share/common-lisp/ros/topic_tools/srv/_package.lisp, /home/cezar/bebop_ws/devel/share/common-lisp/ros/topic_tools/srv/_package.lisp)
Linked: (/home/cezar/bebop_ws/devel/.private/topic_tools/share/common-lisp/ros/topic_tools/srv/DemuxList.lisp, /home/cezar/bebop_ws/devel/share/common-lisp/ros/topic_tools/srv/DemuxList.lisp)
Linked: (/home/cezar/bebop_ws/devel/.private/topic_tools/lib/libtopic_tools.so, /home/cezar/bebop_ws/devel/lib/libtopic_tools.so)
Linked: (/home/cezar/bebop_ws/devel/.private/topic_tools/lib/topic_tools/demux, /home/cezar/bebop_ws/devel/lib/topic_tools/demux)
Linked: (/home/cezar/bebop_ws/devel/.private/topic_tools/lib/topic_tools/throttle, /home/cezar/bebop_ws/devel/lib/topic_tools/throttle)
Linked: (/home/cezar/bebop_ws/devel/.private/topic_tools/lib/topic_tools/mux, /home/cezar/bebop_ws/devel/lib/topic_tools/mux)
Linked: (/home/cezar/bebop_ws/devel/.private/topic_tools/lib/topic_tools/relay, /home/cezar/bebop_ws/devel/lib/topic_tools/relay)
Linked: (/home/cezar/bebop_ws/devel/.private/topic_tools/lib/topic_tools/drop, /home/cezar/bebop_ws/devel/lib/topic_tools/drop)
Linked: (/home/cezar/bebop_ws/devel/.private/topic_tools/lib/topic_tools/switch_mux, /home/cezar/bebop_ws/devel/lib/topic_tools/switch_mux)
Linked: (/home/cezar/bebop_ws/devel/.private/topic_tools/lib/pkgconfig/topic_tools.pc, /home/cezar/bebop_ws/devel/lib/pkgconfig/topic_tools.pc)
Linked: (/home/cezar/bebop_ws/devel/.private/topic_tools/lib/python2.7/dist-packages/topic_tools/__init__.py, /home/cezar/bebop_ws/devel/lib/python2.7/dist-packages/topic_tools/__init__.py)
Linked: (/home/cezar/bebop_ws/devel/.private/topic_tools/lib/python2.7/dist-packages/topic_tools/srv/_DemuxList.py, /home/cezar/bebop_ws/devel/lib/python2.7/dist-packages/topic_tools/srv/_DemuxList.py)
Linked: (/home/cezar/bebop_ws/devel/.private/topic_tools/lib/python2.7/dist-packages/topic_tools/srv/_DemuxDelete.py, /home/cezar/bebop_ws/devel/lib/python2.7/dist-packages/topic_tools/srv/_DemuxDelete.py)
Linked: (/home/cezar/bebop_ws/devel/.private/topic_tools/lib/python2.7/dist-packages/topic_tools/srv/__init__.py, /home/cezar/bebop_ws/devel/lib/python2.7/dist-packages/topic_tools/srv/__init__.py)
Linked: (/home/cezar/bebop_ws/devel/.private/topic_tools/lib/python2.7/dist-packages/topic_tools/srv/_MuxList.py, /home/cezar/bebop_ws/devel/lib/python2.7/dist-packages/topic_tools/srv/_MuxList.py)
Linked: (/home/cezar/bebop_ws/devel/.private/topic_tools/lib/python2.7/dist-packages/topic_tools/srv/_MuxSelect.py, /home/cezar/bebop_ws/devel/lib/python2.7/dist-packages/topic_tools/srv/_MuxSelect.py)
Linked: (/home/cezar/bebop_ws/devel/.private/topic_tools/lib/python2.7/dist-packages/topic_tools/srv/_MuxAdd.py, /home/cezar/bebop_ws/devel/lib/python2.7/dist-packages/topic_tools/srv/_MuxAdd.py)
Linked: (/home/cezar/bebop_ws/devel/.private/topic_tools/lib/python2.7/dist-packages/topic_tools/srv/_DemuxAdd.py, /home/cezar/bebop_ws/devel/lib/python2.7/dist-packages/topic_tools/srv/_DemuxAdd.py)
Linked: (/home/cezar/bebop_ws/devel/.private/topic_tools/lib/python2.7/dist-packages/topic_tools/srv/_MuxDelete.py, /home/cezar/bebop_ws/devel/lib/python2.7/dist-packages/topic_tools/srv/_MuxDelete.py)
Linked: (/home/cezar/bebop_ws/devel/.private/topic_tools/lib/python2.7/dist-packages/topic_tools/srv/_DemuxSelect.py, /home/cezar/bebop_ws/devel/lib/python2.7/dist-packages/topic_tools/srv/_DemuxSelect.py)
Linked: (/home/cezar/bebop_ws/devel/.private/topic_tools/include/topic_tools/MuxDelete.h, /home/cezar/bebop_ws/devel/include/topic_tools/MuxDelete.h)
Linked: (/home/cezar/bebop_ws/devel/.private/topic_tools/include/topic_tools/DemuxListResponse.h, /home/cezar/bebop_ws/devel/include/topic_tools/DemuxListResponse.h)
Linked: (/home/cezar/bebop_ws/devel/.private/topic_tools/include/topic_tools/MuxList.h, /home/cezar/bebop_ws/devel/include/topic_tools/MuxList.h)
Linked: (/home/cezar/bebop_ws/devel/.private/topic_tools/include/topic_tools/MuxDeleteResponse.h, /home/cezar/bebop_ws/devel/include/topic_tools/MuxDeleteResponse.h)
Linked: (/home/cezar/bebop_ws/devel/.private/topic_tools/include/topic_tools/MuxDeleteRequest.h, /home/cezar/bebop_ws/devel/include/topic_tools/MuxDeleteRequest.h)
Linked: (/home/cezar/bebop_ws/devel/.private/topic_tools/include/topic_tools/MuxSelectResponse.h, /home/cezar/bebop_ws/devel/include/topic_tools/MuxSelectResponse.h)
Linked: (/home/cezar/bebop_ws/devel/.private/topic_tools/include/topic_tools/DemuxList.h, /home/cezar/bebop_ws/devel/include/topic_tools/DemuxList.h)
Linked: (/home/cezar/bebop_ws/devel/.private/topic_tools/include/topic_tools/DemuxSelect.h, /home/cezar/bebop_ws/devel/include/topic_tools/DemuxSelect.h)
Linked: (/home/cezar/bebop_ws/devel/.private/topic_tools/include/topic_tools/DemuxAddResponse.h, /home/cezar/bebop_ws/devel/include/topic_tools/DemuxAddResponse.h)
Linked: (/home/cezar/bebop_ws/devel/.private/topic_tools/include/topic_tools/MuxAddResponse.h, /home/cezar/bebop_ws/devel/include/topic_tools/MuxAddResponse.h)
Linked: (/home/cezar/bebop_ws/devel/.private/topic_tools/include/topic_tools/MuxListRequest.h, /home/cezar/bebop_ws/devel/include/topic_tools/MuxListRequest.h)
Linked: (/home/cezar/bebop_ws/devel/.private/topic_tools/include/topic_tools/DemuxAddRequest.h, /home/cezar/bebop_ws/devel/include/topic_tools/DemuxAddRequest.h)
Linked: (/home/cezar/bebop_ws/devel/.private/topic_tools/include/topic_tools/MuxListResponse.h, /home/cezar/bebop_ws/devel/include/topic_tools/MuxListResponse.h)
Linked: (/home/cezar/bebop_ws/devel/.private/topic_tools/include/topic_tools/DemuxDeleteResponse.h, /home/cezar/bebop_ws/devel/include/topic_tools/DemuxDeleteResponse.h)
Linked: (/home/cezar/bebop_ws/devel/.private/topic_tools/include/topic_tools/DemuxAdd.h, /home/cezar/bebop_ws/devel/include/topic_tools/DemuxAdd.h)
Linked: (/home/cezar/bebop_ws/devel/.private/topic_tools/include/topic_tools/MuxSelectRequest.h, /home/cezar/bebop_ws/devel/include/topic_tools/MuxSelectRequest.h)
Linked: (/home/cezar/bebop_ws/devel/.private/topic_tools/include/topic_tools/MuxAddRequest.h, /home/cezar/bebop_ws/devel/include/topic_tools/MuxAddRequest.h)
Linked: (/home/cezar/bebop_ws/devel/.private/topic_tools/include/topic_tools/MuxSelect.h, /home/cezar/bebop_ws/devel/include/topic_tools/MuxSelect.h)
Linked: (/home/cezar/bebop_ws/devel/.private/topic_tools/include/topic_tools/DemuxSelectRequest.h, /home/cezar/bebop_ws/devel/include/topic_tools/DemuxSelectRequest.h)
Linked: (/home/cezar/bebop_ws/devel/.private/topic_tools/include/topic_tools/DemuxDeleteRequest.h, /home/cezar/bebop_ws/devel/include/topic_tools/DemuxDeleteRequest.h)
Linked: (/home/cezar/bebop_ws/devel/.private/topic_tools/include/topic_tools/DemuxListRequest.h, /home/cezar/bebop_ws/devel/include/topic_tools/DemuxListRequest.h)
Linked: (/home/cezar/bebop_ws/devel/.private/topic_tools/include/topic_tools/DemuxDelete.h, /home/cezar/bebop_ws/devel/include/topic_tools/DemuxDelete.h)
Linked: (/home/cezar/bebop_ws/devel/.private/topic_tools/include/topic_tools/DemuxSelectResponse.h, /home/cezar/bebop_ws/devel/include/topic_tools/DemuxSelectResponse.h)
Linked: (/home/cezar/bebop_ws/devel/.private/topic_tools/include/topic_tools/MuxAdd.h, /home/cezar/bebop_ws/devel/include/topic_tools/MuxAdd.h)
Linked: (/home/cezar/bebop_ws/devel/.private/topic_tools/etc/catkin/profile.d/20.transform.bash, /home/cezar/bebop_ws/devel/etc/catkin/profile.d/20.transform.bash)
